<?xml version="1.0" encoding="utf-8"?>
<scenario xmlns="urn:perfcake:scenario:7.0">
   <run type="iteration" value="100000"/>
   <generator class="DefaultMessageGenerator" threads="${threads:25}"/>
   <sender class="TestSender">
      <property name="delay" value="3" />
   </sender>
   <reporting>
      <reporter class="WarmUpReporter" enabled="true">
         <property name="minimalWarmUpCount" value="100"/>
         <property name="minimalWarmUpDuration" value="100"/>
      </reporter>
      <reporter class="ResponseTimeHistogramReporter">
         <destination class="ConsoleDestination">
            <period type="time" value="1000"/>
         </destination>
         <destination class="ChartDestination">
            <period type="time" value="500"/>
            <property name="outputDir" value="target/test-chart"/>
            <property name="yAxis" value="Response time [ms]"/>
            <property name="group" value="${perfcake.scenario}_hdr_resp"/>
            <property name="name" value="Response Time (${threads:25} threads)"/>
            <property name="attributes" value="perc*, warmUp"/>
            <property name="target" value="${perfcake.scenario}-charts"/>
         </destination>
      </reporter>
   </reporting>
</scenario>